<?xml version="1.0" encoding="UTF-8"?>
<!-- Generated by org.testng.reporters.JUnitXMLReporter -->
<testsuite hostname="ttuser10-Lenovo-S510" ignored="5" name="Test" tests="6" failures="5" timestamp="20 Jun 2018 09:26:58 GMT" time="821.382" errors="0">
  <testcase name="@AfterMethod postCondition" time="0.009" classname="Portal.generic.BaseLib">
    <failure type="org.openqa.selenium.WebDriverException" message="chrome not reachable
  (Session info: chrome=65.0.3325.181)
  (Driver info: chromedriver=2.36.540471 (9c759b81a907e70363c6312294d30b6ccccc2752),platform=Linux 4.10.0-42-generic x86_64) (WARNING: The server did not provide any stacktrace information)
Command duration or timeout: 0 milliseconds
Build info: version: &amp;apos;3.11.0&amp;apos;, revision: &amp;apos;e59cfb3&amp;apos;, time: &amp;apos;2018-03-11T20:33:15.31Z&amp;apos;
System info: host: &amp;apos;ttuser10-Lenovo-S510&amp;apos;, ip: &amp;apos;127.0.1.1&amp;apos;, os.name: &amp;apos;Linux&amp;apos;, os.arch: &amp;apos;amd64&amp;apos;, os.version: &amp;apos;4.10.0-42-generic&amp;apos;, java.version: &amp;apos;1.8.0_162&amp;apos;
Driver info: org.openqa.selenium.chrome.ChromeDriver
Capabilities {acceptInsecureCerts: false, acceptSslCerts: false, applicationCacheEnabled: false, browserConnectionEnabled: false, browserName: chrome, chrome: {chromedriverVersion: 2.36.540471 (9c759b81a907e7..., userDataDir: /tmp/.org.chromium.Chromium...}, cssSelectorsEnabled: true, databaseEnabled: false, handlesAlerts: true, hasTouchScreen: false, javascriptEnabled: true, locationContextEnabled: true, mobileEmulationEnabled: false, nativeEvents: true, networkConnectionEnabled: false, pageLoadStrategy: normal, platform: LINUX, platformName: LINUX, rotatable: false, setWindowRect: true, takesHeapSnapshot: true, takesScreenshot: true, unexpectedAlertBehaviour: , unhandledPromptBehavior: , version: 65.0.3325.181, webStorageEnabled: true}
Session ID: 90e12295c5d3cc7a63798702134288dd">
      <![CDATA[org.openqa.selenium.WebDriverException: chrome not reachable
  (Session info: chrome=65.0.3325.181)
  (Driver info: chromedriver=2.36.540471 (9c759b81a907e70363c6312294d30b6ccccc2752),platform=Linux 4.10.0-42-generic x86_64) (WARNING: The server did not provide any stacktrace information)
Command duration or timeout: 0 milliseconds
Build info: version: '3.11.0', revision: 'e59cfb3', time: '2018-03-11T20:33:15.31Z'
System info: host: 'ttuser10-Lenovo-S510', ip: '127.0.1.1', os.name: 'Linux', os.arch: 'amd64', os.version: '4.10.0-42-generic', java.version: '1.8.0_162'
Driver info: org.openqa.selenium.chrome.ChromeDriver
Capabilities {acceptInsecureCerts: false, acceptSslCerts: false, applicationCacheEnabled: false, browserConnectionEnabled: false, browserName: chrome, chrome: {chromedriverVersion: 2.36.540471 (9c759b81a907e7..., userDataDir: /tmp/.org.chromium.Chromium...}, cssSelectorsEnabled: true, databaseEnabled: false, handlesAlerts: true, hasTouchScreen: false, javascriptEnabled: true, locationContextEnabled: true, mobileEmulationEnabled: false, nativeEvents: true, networkConnectionEnabled: false, pageLoadStrategy: normal, platform: LINUX, platformName: LINUX, rotatable: false, setWindowRect: true, takesHeapSnapshot: true, takesScreenshot: true, unexpectedAlertBehaviour: , unhandledPromptBehavior: , version: 65.0.3325.181, webStorageEnabled: true}
Session ID: 90e12295c5d3cc7a63798702134288dd
at org.openqa.selenium.remote.ErrorHandler.createThrowable(ErrorHandler.java:214)
at org.openqa.selenium.remote.ErrorHandler.throwIfResponseFailed(ErrorHandler.java:166)
at org.openqa.selenium.remote.http.JsonHttpResponseCodec.reconstructValue(JsonHttpResponseCodec.java:40)
at org.openqa.selenium.remote.http.AbstractHttpResponseCodec.decode(AbstractHttpResponseCodec.java:80)
at org.openqa.selenium.remote.http.AbstractHttpResponseCodec.decode(AbstractHttpResponseCodec.java:44)
at org.openqa.selenium.remote.HttpCommandExecutor.execute(HttpCommandExecutor.java:158)
at org.openqa.selenium.remote.service.DriverCommandExecutor.execute(DriverCommandExecutor.java:83)
at org.openqa.selenium.remote.RemoteWebDriver.execute(RemoteWebDriver.java:545)
at org.openqa.selenium.remote.RemoteWebDriver.execute(RemoteWebDriver.java:602)
at org.openqa.selenium.remote.RemoteWebDriver.getScreenshotAs(RemoteWebDriver.java:291)
at org.openqa.selenium.support.events.EventFiringWebDriver.lambda$new$1(EventFiringWebDriver.java:103)
at com.sun.proxy.$Proxy13.getScreenshotAs(Unknown Source)
at org.openqa.selenium.support.events.EventFiringWebDriver.getScreenshotAs(EventFiringWebDriver.java:285)
at Portal.generic.ScreenshotLib.getScreenshot(ScreenshotLib.java:15)
at Portal.generic.BaseLib.postCondition(BaseLib.java:63)
... Removed 36 stack frames]]>
    </failure>
  </testcase> <!-- @AfterMethod postCondition -->
  <testcase name="@BeforeMethod preCondition" time="0.75" classname="Portal.generic.BaseLib">
    <failure type="org.openqa.selenium.NoSuchWindowException" message="no such window: target window already closed
from unknown error: web view not found
  (Session info: chrome=65.0.3325.181)
  (Driver info: chromedriver=2.36.540471 (9c759b81a907e70363c6312294d30b6ccccc2752),platform=Linux 4.10.0-42-generic x86_64) (WARNING: The server did not provide any stacktrace information)
Command duration or timeout: 0 milliseconds
Build info: version: &amp;apos;3.11.0&amp;apos;, revision: &amp;apos;e59cfb3&amp;apos;, time: &amp;apos;2018-03-11T20:33:15.31Z&amp;apos;
System info: host: &amp;apos;ttuser10-Lenovo-S510&amp;apos;, ip: &amp;apos;127.0.1.1&amp;apos;, os.name: &amp;apos;Linux&amp;apos;, os.arch: &amp;apos;amd64&amp;apos;, os.version: &amp;apos;4.10.0-42-generic&amp;apos;, java.version: &amp;apos;1.8.0_162&amp;apos;
Driver info: org.openqa.selenium.chrome.ChromeDriver
Capabilities {acceptInsecureCerts: false, acceptSslCerts: false, applicationCacheEnabled: false, browserConnectionEnabled: false, browserName: chrome, chrome: {chromedriverVersion: 2.36.540471 (9c759b81a907e7..., userDataDir: /tmp/.org.chromium.Chromium...}, cssSelectorsEnabled: true, databaseEnabled: false, handlesAlerts: true, hasTouchScreen: false, javascriptEnabled: true, locationContextEnabled: true, mobileEmulationEnabled: false, nativeEvents: true, networkConnectionEnabled: false, pageLoadStrategy: normal, platform: LINUX, platformName: LINUX, rotatable: false, setWindowRect: true, takesHeapSnapshot: true, takesScreenshot: true, unexpectedAlertBehaviour: , unhandledPromptBehavior: , version: 65.0.3325.181, webStorageEnabled: true}
Session ID: 0b621e4fed64dd3bcf688f87ec88dc05">
      <![CDATA[org.openqa.selenium.NoSuchWindowException: no such window: target window already closed
from unknown error: web view not found
  (Session info: chrome=65.0.3325.181)
  (Driver info: chromedriver=2.36.540471 (9c759b81a907e70363c6312294d30b6ccccc2752),platform=Linux 4.10.0-42-generic x86_64) (WARNING: The server did not provide any stacktrace information)
Command duration or timeout: 0 milliseconds
Build info: version: '3.11.0', revision: 'e59cfb3', time: '2018-03-11T20:33:15.31Z'
System info: host: 'ttuser10-Lenovo-S510', ip: '127.0.1.1', os.name: 'Linux', os.arch: 'amd64', os.version: '4.10.0-42-generic', java.version: '1.8.0_162'
Driver info: org.openqa.selenium.chrome.ChromeDriver
Capabilities {acceptInsecureCerts: false, acceptSslCerts: false, applicationCacheEnabled: false, browserConnectionEnabled: false, browserName: chrome, chrome: {chromedriverVersion: 2.36.540471 (9c759b81a907e7..., userDataDir: /tmp/.org.chromium.Chromium...}, cssSelectorsEnabled: true, databaseEnabled: false, handlesAlerts: true, hasTouchScreen: false, javascriptEnabled: true, locationContextEnabled: true, mobileEmulationEnabled: false, nativeEvents: true, networkConnectionEnabled: false, pageLoadStrategy: normal, platform: LINUX, platformName: LINUX, rotatable: false, setWindowRect: true, takesHeapSnapshot: true, takesScreenshot: true, unexpectedAlertBehaviour: , unhandledPromptBehavior: , version: 65.0.3325.181, webStorageEnabled: true}
Session ID: 0b621e4fed64dd3bcf688f87ec88dc05
at org.openqa.selenium.remote.ErrorHandler.createThrowable(ErrorHandler.java:214)
at org.openqa.selenium.remote.ErrorHandler.throwIfResponseFailed(ErrorHandler.java:166)
at org.openqa.selenium.remote.http.JsonHttpResponseCodec.reconstructValue(JsonHttpResponseCodec.java:40)
at org.openqa.selenium.remote.http.AbstractHttpResponseCodec.decode(AbstractHttpResponseCodec.java:80)
at org.openqa.selenium.remote.http.AbstractHttpResponseCodec.decode(AbstractHttpResponseCodec.java:44)
at org.openqa.selenium.remote.HttpCommandExecutor.execute(HttpCommandExecutor.java:158)
at org.openqa.selenium.remote.service.DriverCommandExecutor.execute(DriverCommandExecutor.java:83)
at org.openqa.selenium.remote.RemoteWebDriver.execute(RemoteWebDriver.java:545)
at org.openqa.selenium.remote.RemoteWebDriver.get(RemoteWebDriver.java:273)
at Portal.generic.BaseLib.preCondition(BaseLib.java:47)
... Removed 32 stack frames]]>
    </failure>
  </testcase> <!-- @BeforeMethod preCondition -->
  <testcase name="@AfterMethod postCondition" time="0.0" classname="Portal.generic.BaseLib">
    <skipped/>
  </testcase> <!-- @AfterMethod postCondition -->
  <testcase name="RoundConnectingFlight" time="191.775" classname="ScenarioBasedRoundTrip.IndigoRoundSpecialFare">
    <failure type="org.openqa.selenium.NoSuchElementException" message="no such element: Unable to locate element: {&amp;quot;method&amp;quot;:&amp;quot;id&amp;quot;,&amp;quot;selector&amp;quot;:&amp;quot;meal0_0&amp;quot;}
  (Session info: chrome=65.0.3325.181)
  (Driver info: chromedriver=2.36.540471 (9c759b81a907e70363c6312294d30b6ccccc2752),platform=Linux 4.10.0-42-generic x86_64) (WARNING: The server did not provide any stacktrace information)
Command duration or timeout: 0 milliseconds
For documentation on this error, please visit: http://seleniumhq.org/exceptions/no_such_element.html
Build info: version: &amp;apos;3.11.0&amp;apos;, revision: &amp;apos;e59cfb3&amp;apos;, time: &amp;apos;2018-03-11T20:33:15.31Z&amp;apos;
System info: host: &amp;apos;ttuser10-Lenovo-S510&amp;apos;, ip: &amp;apos;127.0.1.1&amp;apos;, os.name: &amp;apos;Linux&amp;apos;, os.arch: &amp;apos;amd64&amp;apos;, os.version: &amp;apos;4.10.0-42-generic&amp;apos;, java.version: &amp;apos;1.8.0_162&amp;apos;
Driver info: org.openqa.selenium.chrome.ChromeDriver
Capabilities {acceptInsecureCerts: false, acceptSslCerts: false, applicationCacheEnabled: false, browserConnectionEnabled: false, browserName: chrome, chrome: {chromedriverVersion: 2.36.540471 (9c759b81a907e7..., userDataDir: /tmp/.org.chromium.Chromium...}, cssSelectorsEnabled: true, databaseEnabled: false, handlesAlerts: true, hasTouchScreen: false, javascriptEnabled: true, locationContextEnabled: true, mobileEmulationEnabled: false, nativeEvents: true, networkConnectionEnabled: false, pageLoadStrategy: normal, platform: LINUX, platformName: LINUX, rotatable: false, setWindowRect: true, takesHeapSnapshot: true, takesScreenshot: true, unexpectedAlertBehaviour: , unhandledPromptBehavior: , version: 65.0.3325.181, webStorageEnabled: true}
Session ID: d49f7962bb45e179d1fc6c3369cc0616
*** Element info: {Using=id, value=meal0_0}">
      <![CDATA[org.openqa.selenium.NoSuchElementException: no such element: Unable to locate element: {"method":"id","selector":"meal0_0"}
  (Session info: chrome=65.0.3325.181)
  (Driver info: chromedriver=2.36.540471 (9c759b81a907e70363c6312294d30b6ccccc2752),platform=Linux 4.10.0-42-generic x86_64) (WARNING: The server did not provide any stacktrace information)
Command duration or timeout: 0 milliseconds
For documentation on this error, please visit: http://seleniumhq.org/exceptions/no_such_element.html
Build info: version: '3.11.0', revision: 'e59cfb3', time: '2018-03-11T20:33:15.31Z'
System info: host: 'ttuser10-Lenovo-S510', ip: '127.0.1.1', os.name: 'Linux', os.arch: 'amd64', os.version: '4.10.0-42-generic', java.version: '1.8.0_162'
Driver info: org.openqa.selenium.chrome.ChromeDriver
Capabilities {acceptInsecureCerts: false, acceptSslCerts: false, applicationCacheEnabled: false, browserConnectionEnabled: false, browserName: chrome, chrome: {chromedriverVersion: 2.36.540471 (9c759b81a907e7..., userDataDir: /tmp/.org.chromium.Chromium...}, cssSelectorsEnabled: true, databaseEnabled: false, handlesAlerts: true, hasTouchScreen: false, javascriptEnabled: true, locationContextEnabled: true, mobileEmulationEnabled: false, nativeEvents: true, networkConnectionEnabled: false, pageLoadStrategy: normal, platform: LINUX, platformName: LINUX, rotatable: false, setWindowRect: true, takesHeapSnapshot: true, takesScreenshot: true, unexpectedAlertBehaviour: , unhandledPromptBehavior: , version: 65.0.3325.181, webStorageEnabled: true}
Session ID: d49f7962bb45e179d1fc6c3369cc0616
*** Element info: {Using=id, value=meal0_0}
at org.openqa.selenium.remote.ErrorHandler.createThrowable(ErrorHandler.java:214)
at org.openqa.selenium.remote.ErrorHandler.throwIfResponseFailed(ErrorHandler.java:166)
at org.openqa.selenium.remote.http.JsonHttpResponseCodec.reconstructValue(JsonHttpResponseCodec.java:40)
at org.openqa.selenium.remote.http.AbstractHttpResponseCodec.decode(AbstractHttpResponseCodec.java:80)
at org.openqa.selenium.remote.http.AbstractHttpResponseCodec.decode(AbstractHttpResponseCodec.java:44)
at org.openqa.selenium.remote.HttpCommandExecutor.execute(HttpCommandExecutor.java:158)
at org.openqa.selenium.remote.service.DriverCommandExecutor.execute(DriverCommandExecutor.java:83)
at org.openqa.selenium.remote.RemoteWebDriver.execute(RemoteWebDriver.java:545)
at org.openqa.selenium.remote.RemoteWebDriver.findElement(RemoteWebDriver.java:319)
at org.openqa.selenium.remote.RemoteWebDriver.findElementById(RemoteWebDriver.java:365)
at org.openqa.selenium.By$ById.findElement(By.java:218)
at org.openqa.selenium.remote.RemoteWebDriver.findElement(RemoteWebDriver.java:311)
at org.openqa.selenium.support.pagefactory.DefaultElementLocator.findElement(DefaultElementLocator.java:69)
at org.openqa.selenium.support.pagefactory.internal.LocatingElementHandler.invoke(LocatingElementHandler.java:38)
at com.sun.proxy.$Proxy11.click(Unknown Source)
at Portal.Pageobjects.flights.PassenegerDetailsPage.SelectBaggageMealAdult1(PassenegerDetailsPage.java:178)
at ScenarioBasedRoundTrip.IndigoRoundSpecialFare.RoundConnectingFlight(IndigoRoundSpecialFare.java:54)
... Removed 29 stack frames]]>
    </failure>
  </testcase> <!-- RoundConnectingFlight -->
  <testcase name="RoundConnectingFlight" time="40.995" classname="ScenarioBasedRoundTrip.FlyDubaiRoundTrip">
    <failure type="org.openqa.selenium.StaleElementReferenceException" message="stale element reference: element is not attached to the page document
  (Session info: chrome=65.0.3325.181)
  (Driver info: chromedriver=2.36.540471 (9c759b81a907e70363c6312294d30b6ccccc2752),platform=Linux 4.10.0-42-generic x86_64) (WARNING: The server did not provide any stacktrace information)
Command duration or timeout: 0 milliseconds
For documentation on this error, please visit: http://seleniumhq.org/exceptions/stale_element_reference.html
Build info: version: &amp;apos;3.11.0&amp;apos;, revision: &amp;apos;e59cfb3&amp;apos;, time: &amp;apos;2018-03-11T20:33:15.31Z&amp;apos;
System info: host: &amp;apos;ttuser10-Lenovo-S510&amp;apos;, ip: &amp;apos;127.0.1.1&amp;apos;, os.name: &amp;apos;Linux&amp;apos;, os.arch: &amp;apos;amd64&amp;apos;, os.version: &amp;apos;4.10.0-42-generic&amp;apos;, java.version: &amp;apos;1.8.0_162&amp;apos;
Driver info: org.openqa.selenium.chrome.ChromeDriver
Capabilities {acceptInsecureCerts: false, acceptSslCerts: false, applicationCacheEnabled: false, browserConnectionEnabled: false, browserName: chrome, chrome: {chromedriverVersion: 2.36.540471 (9c759b81a907e7..., userDataDir: /tmp/.org.chromium.Chromium...}, cssSelectorsEnabled: true, databaseEnabled: false, handlesAlerts: true, hasTouchScreen: false, javascriptEnabled: true, locationContextEnabled: true, mobileEmulationEnabled: false, nativeEvents: true, networkConnectionEnabled: false, pageLoadStrategy: normal, platform: LINUX, platformName: LINUX, rotatable: false, setWindowRect: true, takesHeapSnapshot: true, takesScreenshot: true, unexpectedAlertBehaviour: , unhandledPromptBehavior: , version: 65.0.3325.181, webStorageEnabled: true}
Session ID: 49e703add08d9e95cef6d74d192424db">
      <![CDATA[org.openqa.selenium.StaleElementReferenceException: stale element reference: element is not attached to the page document
  (Session info: chrome=65.0.3325.181)
  (Driver info: chromedriver=2.36.540471 (9c759b81a907e70363c6312294d30b6ccccc2752),platform=Linux 4.10.0-42-generic x86_64) (WARNING: The server did not provide any stacktrace information)
Command duration or timeout: 0 milliseconds
For documentation on this error, please visit: http://seleniumhq.org/exceptions/stale_element_reference.html
Build info: version: '3.11.0', revision: 'e59cfb3', time: '2018-03-11T20:33:15.31Z'
System info: host: 'ttuser10-Lenovo-S510', ip: '127.0.1.1', os.name: 'Linux', os.arch: 'amd64', os.version: '4.10.0-42-generic', java.version: '1.8.0_162'
Driver info: org.openqa.selenium.chrome.ChromeDriver
Capabilities {acceptInsecureCerts: false, acceptSslCerts: false, applicationCacheEnabled: false, browserConnectionEnabled: false, browserName: chrome, chrome: {chromedriverVersion: 2.36.540471 (9c759b81a907e7..., userDataDir: /tmp/.org.chromium.Chromium...}, cssSelectorsEnabled: true, databaseEnabled: false, handlesAlerts: true, hasTouchScreen: false, javascriptEnabled: true, locationContextEnabled: true, mobileEmulationEnabled: false, nativeEvents: true, networkConnectionEnabled: false, pageLoadStrategy: normal, platform: LINUX, platformName: LINUX, rotatable: false, setWindowRect: true, takesHeapSnapshot: true, takesScreenshot: true, unexpectedAlertBehaviour: , unhandledPromptBehavior: , version: 65.0.3325.181, webStorageEnabled: true}
Session ID: 49e703add08d9e95cef6d74d192424db
at org.openqa.selenium.remote.ErrorHandler.createThrowable(ErrorHandler.java:214)
at org.openqa.selenium.remote.ErrorHandler.throwIfResponseFailed(ErrorHandler.java:166)
at org.openqa.selenium.remote.http.JsonHttpResponseCodec.reconstructValue(JsonHttpResponseCodec.java:40)
at org.openqa.selenium.remote.http.AbstractHttpResponseCodec.decode(AbstractHttpResponseCodec.java:80)
at org.openqa.selenium.remote.http.AbstractHttpResponseCodec.decode(AbstractHttpResponseCodec.java:44)
at org.openqa.selenium.remote.HttpCommandExecutor.execute(HttpCommandExecutor.java:158)
at org.openqa.selenium.remote.service.DriverCommandExecutor.execute(DriverCommandExecutor.java:83)
at org.openqa.selenium.remote.RemoteWebDriver.execute(RemoteWebDriver.java:545)
at org.openqa.selenium.remote.RemoteWebElement.execute(RemoteWebElement.java:279)
at org.openqa.selenium.remote.RemoteWebElement.isDisplayed(RemoteWebElement.java:320)
at org.openqa.selenium.support.pagefactory.internal.LocatingElementHandler.invoke(LocatingElementHandler.java:51)
at com.sun.proxy.$Proxy11.isDisplayed(Unknown Source)
at org.openqa.selenium.support.ui.ExpectedConditions.elementIfVisible(ExpectedConditions.java:315)
at org.openqa.selenium.support.ui.ExpectedConditions.access$100(ExpectedConditions.java:44)
at org.openqa.selenium.support.ui.ExpectedConditions$10.apply(ExpectedConditions.java:301)
at org.openqa.selenium.support.ui.ExpectedConditions$10.apply(ExpectedConditions.java:298)
at org.openqa.selenium.support.ui.ExpectedConditions$23.apply(ExpectedConditions.java:686)
at org.openqa.selenium.support.ui.ExpectedConditions$23.apply(ExpectedConditions.java:682)
at org.openqa.selenium.support.ui.FluentWait.until(FluentWait.java:248)
at Portal.generic.WaitStatementLib.explicitWaitForClickable(WaitStatementLib.java:24)
at Portal.Pageobjects.flights.Flightresult.book(Flightresult.java:78)
at ScenarioBasedRoundTrip.FlyDubaiRoundTrip.RoundConnectingFlight(FlyDubaiRoundTrip.java:39)
... Removed 33 stack frames]]>
    </failure>
  </testcase> <!-- RoundConnectingFlight -->
  <testcase name="RoundConnectingFlight" time="136.429" classname="ScenarioBasedRoundTrip.AirArabiRoundtrip">
    <failure type="org.openqa.selenium.NoSuchElementException" message="no such element: Unable to locate element: {&amp;quot;method&amp;quot;:&amp;quot;xpath&amp;quot;,&amp;quot;selector&amp;quot;:&amp;quot;//li//div[text()=&amp;apos;Air Arabia&amp;apos;]&amp;quot;}
  (Session info: chrome=65.0.3325.181)
  (Driver info: chromedriver=2.36.540471 (9c759b81a907e70363c6312294d30b6ccccc2752),platform=Linux 4.10.0-42-generic x86_64) (WARNING: The server did not provide any stacktrace information)
Command duration or timeout: 0 milliseconds
For documentation on this error, please visit: http://seleniumhq.org/exceptions/no_such_element.html
Build info: version: &amp;apos;3.11.0&amp;apos;, revision: &amp;apos;e59cfb3&amp;apos;, time: &amp;apos;2018-03-11T20:33:15.31Z&amp;apos;
System info: host: &amp;apos;ttuser10-Lenovo-S510&amp;apos;, ip: &amp;apos;127.0.1.1&amp;apos;, os.name: &amp;apos;Linux&amp;apos;, os.arch: &amp;apos;amd64&amp;apos;, os.version: &amp;apos;4.10.0-42-generic&amp;apos;, java.version: &amp;apos;1.8.0_162&amp;apos;
Driver info: org.openqa.selenium.chrome.ChromeDriver
Capabilities {acceptInsecureCerts: false, acceptSslCerts: false, applicationCacheEnabled: false, browserConnectionEnabled: false, browserName: chrome, chrome: {chromedriverVersion: 2.36.540471 (9c759b81a907e7..., userDataDir: /tmp/.org.chromium.Chromium...}, cssSelectorsEnabled: true, databaseEnabled: false, handlesAlerts: true, hasTouchScreen: false, javascriptEnabled: true, locationContextEnabled: true, mobileEmulationEnabled: false, nativeEvents: true, networkConnectionEnabled: false, pageLoadStrategy: normal, platform: LINUX, platformName: LINUX, rotatable: false, setWindowRect: true, takesHeapSnapshot: true, takesScreenshot: true, unexpectedAlertBehaviour: , unhandledPromptBehavior: , version: 65.0.3325.181, webStorageEnabled: true}
Session ID: 723b3c2a252f4fb81c88c1d3f9ab491f
*** Element info: {Using=xpath, value=//li//div[text()=&amp;apos;Air Arabia&amp;apos;]}">
      <![CDATA[org.openqa.selenium.NoSuchElementException: no such element: Unable to locate element: {"method":"xpath","selector":"//li//div[text()='Air Arabia']"}
  (Session info: chrome=65.0.3325.181)
  (Driver info: chromedriver=2.36.540471 (9c759b81a907e70363c6312294d30b6ccccc2752),platform=Linux 4.10.0-42-generic x86_64) (WARNING: The server did not provide any stacktrace information)
Command duration or timeout: 0 milliseconds
For documentation on this error, please visit: http://seleniumhq.org/exceptions/no_such_element.html
Build info: version: '3.11.0', revision: 'e59cfb3', time: '2018-03-11T20:33:15.31Z'
System info: host: 'ttuser10-Lenovo-S510', ip: '127.0.1.1', os.name: 'Linux', os.arch: 'amd64', os.version: '4.10.0-42-generic', java.version: '1.8.0_162'
Driver info: org.openqa.selenium.chrome.ChromeDriver
Capabilities {acceptInsecureCerts: false, acceptSslCerts: false, applicationCacheEnabled: false, browserConnectionEnabled: false, browserName: chrome, chrome: {chromedriverVersion: 2.36.540471 (9c759b81a907e7..., userDataDir: /tmp/.org.chromium.Chromium...}, cssSelectorsEnabled: true, databaseEnabled: false, handlesAlerts: true, hasTouchScreen: false, javascriptEnabled: true, locationContextEnabled: true, mobileEmulationEnabled: false, nativeEvents: true, networkConnectionEnabled: false, pageLoadStrategy: normal, platform: LINUX, platformName: LINUX, rotatable: false, setWindowRect: true, takesHeapSnapshot: true, takesScreenshot: true, unexpectedAlertBehaviour: , unhandledPromptBehavior: , version: 65.0.3325.181, webStorageEnabled: true}
Session ID: 723b3c2a252f4fb81c88c1d3f9ab491f
*** Element info: {Using=xpath, value=//li//div[text()='Air Arabia']}
at org.openqa.selenium.remote.ErrorHandler.createThrowable(ErrorHandler.java:214)
at org.openqa.selenium.remote.ErrorHandler.throwIfResponseFailed(ErrorHandler.java:166)
at org.openqa.selenium.remote.http.JsonHttpResponseCodec.reconstructValue(JsonHttpResponseCodec.java:40)
at org.openqa.selenium.remote.http.AbstractHttpResponseCodec.decode(AbstractHttpResponseCodec.java:80)
at org.openqa.selenium.remote.http.AbstractHttpResponseCodec.decode(AbstractHttpResponseCodec.java:44)
at org.openqa.selenium.remote.HttpCommandExecutor.execute(HttpCommandExecutor.java:158)
at org.openqa.selenium.remote.service.DriverCommandExecutor.execute(DriverCommandExecutor.java:83)
at org.openqa.selenium.remote.RemoteWebDriver.execute(RemoteWebDriver.java:545)
at org.openqa.selenium.remote.RemoteWebDriver.findElement(RemoteWebDriver.java:319)
at org.openqa.selenium.remote.RemoteWebDriver.findElementByXPath(RemoteWebDriver.java:421)
at org.openqa.selenium.By$ByXPath.findElement(By.java:361)
at org.openqa.selenium.remote.RemoteWebDriver.findElement(RemoteWebDriver.java:311)
at org.openqa.selenium.support.pagefactory.DefaultElementLocator.findElement(DefaultElementLocator.java:69)
at org.openqa.selenium.support.pagefactory.internal.LocatingElementHandler.invoke(LocatingElementHandler.java:38)
at com.sun.proxy.$Proxy11.click(Unknown Source)
at Portal.Pageobjects.flights.FlightPage.preferredRoundAirArabia(FlightPage.java:269)
at ScenarioBasedRoundTrip.AirArabiRoundtrip.RoundConnectingFlight(AirArabiRoundtrip.java:32)
... Removed 29 stack frames]]>
    </failure>
  </testcase> <!-- RoundConnectingFlight -->
  <testcase name="RoundConnectingFlight" time="139.358" classname="ScenarioBasedRoundTrip.AirArabiaROundMealNBaggage">
    <failure type="org.openqa.selenium.NoSuchElementException" message="no such element: Unable to locate element: {&amp;quot;method&amp;quot;:&amp;quot;xpath&amp;quot;,&amp;quot;selector&amp;quot;:&amp;quot;//li//div[text()=&amp;apos;Air Arabia&amp;apos;]&amp;quot;}
  (Session info: chrome=65.0.3325.181)
  (Driver info: chromedriver=2.36.540471 (9c759b81a907e70363c6312294d30b6ccccc2752),platform=Linux 4.10.0-42-generic x86_64) (WARNING: The server did not provide any stacktrace information)
Command duration or timeout: 0 milliseconds
For documentation on this error, please visit: http://seleniumhq.org/exceptions/no_such_element.html
Build info: version: &amp;apos;3.11.0&amp;apos;, revision: &amp;apos;e59cfb3&amp;apos;, time: &amp;apos;2018-03-11T20:33:15.31Z&amp;apos;
System info: host: &amp;apos;ttuser10-Lenovo-S510&amp;apos;, ip: &amp;apos;127.0.1.1&amp;apos;, os.name: &amp;apos;Linux&amp;apos;, os.arch: &amp;apos;amd64&amp;apos;, os.version: &amp;apos;4.10.0-42-generic&amp;apos;, java.version: &amp;apos;1.8.0_162&amp;apos;
Driver info: org.openqa.selenium.chrome.ChromeDriver
Capabilities {acceptInsecureCerts: false, acceptSslCerts: false, applicationCacheEnabled: false, browserConnectionEnabled: false, browserName: chrome, chrome: {chromedriverVersion: 2.36.540471 (9c759b81a907e7..., userDataDir: /tmp/.org.chromium.Chromium...}, cssSelectorsEnabled: true, databaseEnabled: false, handlesAlerts: true, hasTouchScreen: false, javascriptEnabled: true, locationContextEnabled: true, mobileEmulationEnabled: false, nativeEvents: true, networkConnectionEnabled: false, pageLoadStrategy: normal, platform: LINUX, platformName: LINUX, rotatable: false, setWindowRect: true, takesHeapSnapshot: true, takesScreenshot: true, unexpectedAlertBehaviour: , unhandledPromptBehavior: , version: 65.0.3325.181, webStorageEnabled: true}
Session ID: 005d4f02e6dd8b6819a6f555dd1b81cd
*** Element info: {Using=xpath, value=//li//div[text()=&amp;apos;Air Arabia&amp;apos;]}">
      <![CDATA[org.openqa.selenium.NoSuchElementException: no such element: Unable to locate element: {"method":"xpath","selector":"//li//div[text()='Air Arabia']"}
  (Session info: chrome=65.0.3325.181)
  (Driver info: chromedriver=2.36.540471 (9c759b81a907e70363c6312294d30b6ccccc2752),platform=Linux 4.10.0-42-generic x86_64) (WARNING: The server did not provide any stacktrace information)
Command duration or timeout: 0 milliseconds
For documentation on this error, please visit: http://seleniumhq.org/exceptions/no_such_element.html
Build info: version: '3.11.0', revision: 'e59cfb3', time: '2018-03-11T20:33:15.31Z'
System info: host: 'ttuser10-Lenovo-S510', ip: '127.0.1.1', os.name: 'Linux', os.arch: 'amd64', os.version: '4.10.0-42-generic', java.version: '1.8.0_162'
Driver info: org.openqa.selenium.chrome.ChromeDriver
Capabilities {acceptInsecureCerts: false, acceptSslCerts: false, applicationCacheEnabled: false, browserConnectionEnabled: false, browserName: chrome, chrome: {chromedriverVersion: 2.36.540471 (9c759b81a907e7..., userDataDir: /tmp/.org.chromium.Chromium...}, cssSelectorsEnabled: true, databaseEnabled: false, handlesAlerts: true, hasTouchScreen: false, javascriptEnabled: true, locationContextEnabled: true, mobileEmulationEnabled: false, nativeEvents: true, networkConnectionEnabled: false, pageLoadStrategy: normal, platform: LINUX, platformName: LINUX, rotatable: false, setWindowRect: true, takesHeapSnapshot: true, takesScreenshot: true, unexpectedAlertBehaviour: , unhandledPromptBehavior: , version: 65.0.3325.181, webStorageEnabled: true}
Session ID: 005d4f02e6dd8b6819a6f555dd1b81cd
*** Element info: {Using=xpath, value=//li//div[text()='Air Arabia']}
at org.openqa.selenium.remote.ErrorHandler.createThrowable(ErrorHandler.java:214)
at org.openqa.selenium.remote.ErrorHandler.throwIfResponseFailed(ErrorHandler.java:166)
at org.openqa.selenium.remote.http.JsonHttpResponseCodec.reconstructValue(JsonHttpResponseCodec.java:40)
at org.openqa.selenium.remote.http.AbstractHttpResponseCodec.decode(AbstractHttpResponseCodec.java:80)
at org.openqa.selenium.remote.http.AbstractHttpResponseCodec.decode(AbstractHttpResponseCodec.java:44)
at org.openqa.selenium.remote.HttpCommandExecutor.execute(HttpCommandExecutor.java:158)
at org.openqa.selenium.remote.service.DriverCommandExecutor.execute(DriverCommandExecutor.java:83)
at org.openqa.selenium.remote.RemoteWebDriver.execute(RemoteWebDriver.java:545)
at org.openqa.selenium.remote.RemoteWebDriver.findElement(RemoteWebDriver.java:319)
at org.openqa.selenium.remote.RemoteWebDriver.findElementByXPath(RemoteWebDriver.java:421)
at org.openqa.selenium.By$ByXPath.findElement(By.java:361)
at org.openqa.selenium.remote.RemoteWebDriver.findElement(RemoteWebDriver.java:311)
at org.openqa.selenium.support.pagefactory.DefaultElementLocator.findElement(DefaultElementLocator.java:69)
at org.openqa.selenium.support.pagefactory.internal.LocatingElementHandler.invoke(LocatingElementHandler.java:38)
at com.sun.proxy.$Proxy11.click(Unknown Source)
at Portal.Pageobjects.flights.FlightPage.preferredRoundAirArabia(FlightPage.java:269)
at ScenarioBasedRoundTrip.AirArabiaROundMealNBaggage.RoundConnectingFlight(AirArabiaROundMealNBaggage.java:32)
... Removed 29 stack frames]]>
    </failure>
  </testcase> <!-- RoundConnectingFlight -->
  <testcase name="RoundConnectingFlight" time="272.884" classname="ScenarioBasedRoundTrip.FLyDubaiROundBaggage">
    <failure type="java.lang.NullPointerException">
      <![CDATA[java.lang.NullPointerException
at org.openqa.selenium.support.pagefactory.internal.LocatingElementHandler.invoke(LocatingElementHandler.java:51)
at com.sun.proxy.$Proxy11.toString(Unknown Source)
at java.lang.String.valueOf(String.java:2994)
at java.lang.StringBuilder.append(StringBuilder.java:131)
at org.openqa.selenium.support.ui.ExpectedConditions$23.toString(ExpectedConditions.java:699)
at java.lang.String.valueOf(String.java:2994)
at java.lang.StringBuilder.append(StringBuilder.java:131)
at org.openqa.selenium.support.ui.FluentWait.until(FluentWait.java:267)
at Portal.generic.WaitStatementLib.explicitWaitForClickable(WaitStatementLib.java:24)
at Portal.Pageobjects.flights.Flightresult.book(Flightresult.java:78)
at ScenarioBasedRoundTrip.FLyDubaiROundBaggage.RoundConnectingFlight(FLyDubaiROundBaggage.java:39)
... Removed 29 stack frames]]>
    </failure>
  </testcase> <!-- RoundConnectingFlight -->
  <testcase name="RoundConnectingFlight" time="0.0" classname="ScenarioBasedRoundTrip.AirArabiaRoundtripSpecialBooking">
    <skipped/>
  </testcase> <!-- RoundConnectingFlight -->
  <testcase name="@AfterSuite mail" time="0.0" classname="Portal.generic.BaseLib">
    <ignored/>
  </testcase> <!-- @AfterSuite mail -->
  <testcase name="@AfterSuite mail" time="0.0" classname="Portal.generic.BaseLib">
    <ignored/>
  </testcase> <!-- @AfterSuite mail -->
  <testcase name="@AfterSuite mail" time="0.0" classname="Portal.generic.BaseLib">
    <ignored/>
  </testcase> <!-- @AfterSuite mail -->
  <testcase name="@AfterSuite mail" time="0.0" classname="Portal.generic.BaseLib">
    <ignored/>
  </testcase> <!-- @AfterSuite mail -->
  <testcase name="@AfterSuite mail" time="0.0" classname="Portal.generic.BaseLib">
    <ignored/>
  </testcase> <!-- @AfterSuite mail -->
</testsuite> <!-- Test -->
